2023-01-02 13:18:40,331 Starting new HTTPS connection (1): huggingface.co:443
2023-01-02 13:18:40,983 https://huggingface.co:443 "HEAD /bert-base-uncased/resolve/main/vocab.txt HTTP/1.1" 200 0
2023-01-02 13:18:41,181 Starting training loop...
2023-01-02 13:18:41,181 Epoch {t + 1}
-------------------------------
2023-01-02 13:21:51,541 [1] train loss: 0.4928305160
2023-01-02 13:21:58,886 [1] val loss: 1.1588883099
2023-01-02 13:21:59,202 Epoch {t + 1}
-------------------------------
2023-01-02 13:25:10,666 [2] train loss: 0.4222967646
2023-01-02 13:25:18,026 [2] val loss: 1.2773996052
2023-01-02 13:25:18,328 Epoch {t + 1}
-------------------------------
2023-01-02 13:28:29,226 [3] train loss: 0.4113469502
2023-01-02 13:28:36,507 [3] val loss: 1.2960675826
2023-01-02 13:28:36,813 Epoch {t + 1}
-------------------------------
2023-01-02 13:31:46,628 [4] train loss: 0.4112187931
2023-01-02 13:31:53,914 [4] val loss: 1.2439087760
2023-01-02 13:31:54,226 Epoch {t + 1}
-------------------------------
2023-01-02 13:35:04,056 [5] train loss: 0.3996188981
2023-01-02 13:35:11,364 [5] val loss: 1.3096683769
2023-01-02 13:35:11,664 Epoch {t + 1}
-------------------------------
2023-01-02 13:38:23,385 [6] train loss: 0.4022129514
2023-01-02 13:38:30,747 [6] val loss: 1.3143340848
2023-01-02 13:38:31,045 Epoch {t + 1}
-------------------------------
2023-01-02 13:41:42,533 [7] train loss: 0.4074943122
2023-01-02 13:41:49,890 [7] val loss: 1.3025532271
2023-01-02 13:41:50,194 Epoch {t + 1}
-------------------------------
2023-01-02 13:45:01,196 [8] train loss: 0.3914683830
2023-01-02 13:45:08,492 [8] val loss: 1.2821606273
2023-01-02 13:45:08,814 Epoch {t + 1}
-------------------------------
2023-01-02 13:48:18,643 [9] train loss: 0.3909346008
2023-01-02 13:48:25,950 [9] val loss: 1.2394839578
2023-01-02 13:48:26,249 Epoch {t + 1}
-------------------------------
2023-01-02 13:51:36,954 [10] train loss: 0.3906026423
2023-01-02 13:51:44,483 [10] val loss: 1.2155100355
2023-01-02 13:51:44,811 Epoch {t + 1}
-------------------------------
